<?xml version="1.0" encoding="UTF-8"?>
<testrun name="TCCTestConfiguration" project="TCCTest" tests="17" started="17" failures="2" errors="0" ignored="0">
  <testsuite name="br.usp.ime.tcc.utils.UtilsTest" time="0.766">
    <testcase name="selectedPicturePathShouldBeNullIfInvalidUri" classname="br.usp.ime.tcc.utils.UtilsTest" time="0.555"/>
    <testcase name="shouldReturnTheCorrectPath" classname="br.usp.ime.tcc.utils.UtilsTest" time="0.211"/>
  </testsuite>
  <testsuite name="br.usp.ime.tcc.activities.test.FilteredImageActivityTest" time="17.106">
    <testcase name="extrasShouldNotBeNull" classname="br.usp.ime.tcc.activities.test.FilteredImageActivityTest" time="16.587"/>
    <testcase name="discardButtonShouldReturnToFilterActivity" classname="br.usp.ime.tcc.activities.test.FilteredImageActivityTest" time="0.519"/>
  </testsuite>
  <testsuite name="br.usp.ime.tcc.activities.components.test.ComponentsUtilsTest" time="2.505">
    <testcase name="buttonShouldThrowExceptionIfInvalidId" classname="br.usp.ime.tcc.activities.components.test.ComponentsUtilsTest" time="0.316"/>
    <testcase name="buttonShouldCallRightListener" classname="br.usp.ime.tcc.activities.components.test.ComponentsUtilsTest" time="0.329"/>
    <testcase name="imageViewShouldNotBeNull" classname="br.usp.ime.tcc.activities.components.test.ComponentsUtilsTest" time="0.336"/>
    <testcase name="shouldReturnNullBitmapFromDefaultImageView" classname="br.usp.ime.tcc.activities.components.test.ComponentsUtilsTest" time="0.34">
      <failure>java.lang.AssertionError
	at org.junit.Assert.fail(Assert.java:92)
	at org.junit.Assert.assertTrue(Assert.java:43)
	at org.junit.Assert.assertNull(Assert.java:551)
	at org.junit.Assert.assertNull(Assert.java:562)
	at br.usp.ime.tcc.activities.components.test.ComponentsUtilsTest.shouldReturnNullBitmapFromDefaultImageView(ComponentsUtilsTest.java:122)
	at sun.reflect.NativeMethodAccessorImpl.invoke0(Native Method)
	at sun.reflect.NativeMethodAccessorImpl.invoke(NativeMethodAccessorImpl.java:57)
	at sun.reflect.DelegatingMethodAccessorImpl.invoke(DelegatingMethodAccessorImpl.java:43)
	at java.lang.reflect.Method.invoke(Method.java:616)
	at org.junit.runners.model.FrameworkMethod$1.runReflectiveCall(FrameworkMethod.java:45)
	at org.junit.internal.runners.model.ReflectiveCallable.run(ReflectiveCallable.java:15)
	at org.junit.runners.model.FrameworkMethod.invokeExplosively(FrameworkMethod.java:42)
	at org.junit.internal.runners.statements.InvokeMethod.evaluate(InvokeMethod.java:20)
	at org.junit.internal.runners.statements.RunBefores.evaluate(RunBefores.java:28)
	at org.robolectric.RobolectricTestRunner$2.evaluate(RobolectricTestRunner.java:241)
	at org.junit.runners.ParentRunner.runLeaf(ParentRunner.java:263)
	at org.junit.runners.BlockJUnit4ClassRunner.runChild(BlockJUnit4ClassRunner.java:68)
	at org.junit.runners.BlockJUnit4ClassRunner.runChild(BlockJUnit4ClassRunner.java:47)
	at org.junit.runners.ParentRunner$3.run(ParentRunner.java:231)
	at org.junit.runners.ParentRunner$1.schedule(ParentRunner.java:60)
	at org.junit.runners.ParentRunner.runChildren(ParentRunner.java:229)
	at org.junit.runners.ParentRunner.access$000(ParentRunner.java:50)
	at org.junit.runners.ParentRunner$2.evaluate(ParentRunner.java:222)
	at org.robolectric.RobolectricTestRunner$1.evaluate(RobolectricTestRunner.java:177)
	at org.junit.runners.ParentRunner.run(ParentRunner.java:300)
	at org.eclipse.jdt.internal.junit4.runner.JUnit4TestReference.run(JUnit4TestReference.java:50)
	at org.eclipse.jdt.internal.junit.runner.TestExecution.run(TestExecution.java:38)
	at org.eclipse.jdt.internal.junit.runner.RemoteTestRunner.runTests(RemoteTestRunner.java:467)
	at org.eclipse.jdt.internal.junit.runner.RemoteTestRunner.runTests(RemoteTestRunner.java:683)
	at org.eclipse.jdt.internal.junit.runner.RemoteTestRunner.run(RemoteTestRunner.java:390)
	at org.eclipse.jdt.internal.junit.runner.RemoteTestRunner.main(RemoteTestRunner.java:197)

</failure>
    </testcase>
    <testcase name="shouldReturnRightBitmapFromFilledInImageView" classname="br.usp.ime.tcc.activities.components.test.ComponentsUtilsTest" time="0.265">
      <failure>java.lang.AssertionError: expected:&lt;Bitmap{description='Bitmap for resource:br.usp.ime.tcc.activities:drawable/ic_launcher', width=100, height=100}&gt; but was:&lt;Bitmap{description='', width=0, height=0}&gt;
	at org.junit.Assert.fail(Assert.java:93)
	at org.junit.Assert.failNotEquals(Assert.java:647)
	at org.junit.Assert.assertEquals(Assert.java:128)
	at org.junit.Assert.assertEquals(Assert.java:147)
	at br.usp.ime.tcc.activities.components.test.ComponentsUtilsTest.shouldReturnRightBitmapFromFilledInImageView(ComponentsUtilsTest.java:134)
	at sun.reflect.NativeMethodAccessorImpl.invoke0(Native Method)
	at sun.reflect.NativeMethodAccessorImpl.invoke(NativeMethodAccessorImpl.java:57)
	at sun.reflect.DelegatingMethodAccessorImpl.invoke(DelegatingMethodAccessorImpl.java:43)
	at java.lang.reflect.Method.invoke(Method.java:616)
	at org.junit.runners.model.FrameworkMethod$1.runReflectiveCall(FrameworkMethod.java:45)
	at org.junit.internal.runners.model.ReflectiveCallable.run(ReflectiveCallable.java:15)
	at org.junit.runners.model.FrameworkMethod.invokeExplosively(FrameworkMethod.java:42)
	at org.junit.internal.runners.statements.InvokeMethod.evaluate(InvokeMethod.java:20)
	at org.junit.internal.runners.statements.RunBefores.evaluate(RunBefores.java:28)
	at org.robolectric.RobolectricTestRunner$2.evaluate(RobolectricTestRunner.java:241)
	at org.junit.runners.ParentRunner.runLeaf(ParentRunner.java:263)
	at org.junit.runners.BlockJUnit4ClassRunner.runChild(BlockJUnit4ClassRunner.java:68)
	at org.junit.runners.BlockJUnit4ClassRunner.runChild(BlockJUnit4ClassRunner.java:47)
	at org.junit.runners.ParentRunner$3.run(ParentRunner.java:231)
	at org.junit.runners.ParentRunner$1.schedule(ParentRunner.java:60)
	at org.junit.runners.ParentRunner.runChildren(ParentRunner.java:229)
	at org.junit.runners.ParentRunner.access$000(ParentRunner.java:50)
	at org.junit.runners.ParentRunner$2.evaluate(ParentRunner.java:222)
	at org.robolectric.RobolectricTestRunner$1.evaluate(RobolectricTestRunner.java:177)
	at org.junit.runners.ParentRunner.run(ParentRunner.java:300)
	at org.eclipse.jdt.internal.junit4.runner.JUnit4TestReference.run(JUnit4TestReference.java:50)
	at org.eclipse.jdt.internal.junit.runner.TestExecution.run(TestExecution.java:38)
	at org.eclipse.jdt.internal.junit.runner.RemoteTestRunner.runTests(RemoteTestRunner.java:467)
	at org.eclipse.jdt.internal.junit.runner.RemoteTestRunner.runTests(RemoteTestRunner.java:683)
	at org.eclipse.jdt.internal.junit.runner.RemoteTestRunner.run(RemoteTestRunner.java:390)
	at org.eclipse.jdt.internal.junit.runner.RemoteTestRunner.main(RemoteTestRunner.java:197)

</failure>
    </testcase>
    <testcase name="seekbarShouldThrowExceptionIfInvalidId" classname="br.usp.ime.tcc.activities.components.test.ComponentsUtilsTest" time="0.25"/>
    <testcase name="seekbarShouldNotBeNull" classname="br.usp.ime.tcc.activities.components.test.ComponentsUtilsTest" time="0.223"/>
    <testcase name="seekbarMaximumShouldBeMaxIntensity" classname="br.usp.ime.tcc.activities.components.test.ComponentsUtilsTest" time="0.235"/>
    <testcase name="seekbarProgressShouldBeMaxProgress" classname="br.usp.ime.tcc.activities.components.test.ComponentsUtilsTest" time="0.211"/>
  </testsuite>
  <testsuite name="br.usp.ime.tcc.activities.test.FilterActivityTest" time="0.952">
    <testcase name="pressingCameraModeButtonShouldStartCameraActivity" classname="br.usp.ime.tcc.activities.test.FilterActivityTest" time="0.196"/>
    <testcase name="pressingGalleryModeButtonShouldStartGalleryActivity" classname="br.usp.ime.tcc.activities.test.FilterActivityTest" time="0.231"/>
    <testcase name="shouldCallFilteredImageActivityAfterGalleryResult" classname="br.usp.ime.tcc.activities.test.FilterActivityTest" time="0.23"/>
    <testcase name="shouldCallFilteredImageActivityAfterCameraResult" classname="br.usp.ime.tcc.activities.test.FilterActivityTest" time="0.295"/>
  </testsuite>
</testrun>
