<?xml version="1.0" encoding="UTF-8"?>
<testrun name="TCCTestConfiguration" project="TCCTest" tests="19" started="19" failures="0" errors="1" ignored="0">
  <testsuite name="br.usp.ime.tcc.utils.UtilsTest" time="1.156">
    <testcase name="selectedPicturePathShouldBeNullIfInvalidUri" classname="br.usp.ime.tcc.utils.UtilsTest" time="0.829"/>
    <testcase name="shouldReturnTheCorrectPath" classname="br.usp.ime.tcc.utils.UtilsTest" time="0.327"/>
  </testsuite>
  <testsuite name="br.usp.ime.tcc.utils.FileSaverTest" time="0.499">
    <testcase name="fileToBeSavedShouldNotReturnNull" classname="br.usp.ime.tcc.utils.FileSaverTest" time="0.488">
      <error>org.mockito.exceptions.misusing.UnfinishedStubbingException: 
Unfinished stubbing detected here:
-&gt; at br.usp.ime.tcc.utils.FileSaverTest.fileToBeSavedShouldNotReturnNull(FileSaverTest.java:36)

E.g. thenReturn() may be missing.
Examples of correct stubbing:
    when(mock.isOk()).thenReturn(true);
    when(mock.isOk()).thenThrow(exception);
    doThrow(exception).when(mock).someVoidMethod();
Hints:
 1. missing thenReturn()
 2. you are trying to stub a final method, you naughty developer!

	at br.usp.ime.tcc.utils.FileSaverTest.fileToBeSavedShouldNotReturnNull(FileSaverTest.java:39)
	at sun.reflect.NativeMethodAccessorImpl.invoke0(Native Method)
	at sun.reflect.NativeMethodAccessorImpl.invoke(NativeMethodAccessorImpl.java:57)
	at sun.reflect.DelegatingMethodAccessorImpl.invoke(DelegatingMethodAccessorImpl.java:43)
	at java.lang.reflect.Method.invoke(Method.java:616)
	at org.junit.internal.runners.TestMethod.invoke(TestMethod.java:66)
	at org.powermock.modules.junit4.internal.impl.PowerMockJUnit44RunnerDelegateImpl$PowerMockJUnit44MethodRunner.runTestMethod(PowerMockJUnit44RunnerDelegateImpl.java:310)
	at org.junit.internal.runners.MethodRoadie$2.run(MethodRoadie.java:86)
	at org.junit.internal.runners.MethodRoadie.runBeforesThenTestThenAfters(MethodRoadie.java:94)
	at org.powermock.modules.junit4.internal.impl.PowerMockJUnit44RunnerDelegateImpl$PowerMockJUnit44MethodRunner.executeTest(PowerMockJUnit44RunnerDelegateImpl.java:294)
	at org.powermock.modules.junit4.internal.impl.PowerMockJUnit47RunnerDelegateImpl$PowerMockJUnit47MethodRunner.executeTestInSuper(PowerMockJUnit47RunnerDelegateImpl.java:127)
	at org.powermock.modules.junit4.internal.impl.PowerMockJUnit47RunnerDelegateImpl$PowerMockJUnit47MethodRunner.executeTest(PowerMockJUnit47RunnerDelegateImpl.java:82)
	at org.powermock.modules.junit4.internal.impl.PowerMockJUnit44RunnerDelegateImpl$PowerMockJUnit44MethodRunner.runBeforesThenTestThenAfters(PowerMockJUnit44RunnerDelegateImpl.java:282)
	at org.junit.internal.runners.MethodRoadie.runTest(MethodRoadie.java:84)
	at org.junit.internal.runners.MethodRoadie.run(MethodRoadie.java:49)
	at org.powermock.modules.junit4.internal.impl.PowerMockJUnit44RunnerDelegateImpl.invokeTestMethod(PowerMockJUnit44RunnerDelegateImpl.java:207)
	at org.powermock.modules.junit4.internal.impl.PowerMockJUnit44RunnerDelegateImpl.runMethods(PowerMockJUnit44RunnerDelegateImpl.java:146)
	at org.powermock.modules.junit4.internal.impl.PowerMockJUnit44RunnerDelegateImpl$1.run(PowerMockJUnit44RunnerDelegateImpl.java:120)
	at org.junit.internal.runners.ClassRoadie.runUnprotected(ClassRoadie.java:34)
	at org.junit.internal.runners.ClassRoadie.runProtected(ClassRoadie.java:44)
	at org.powermock.modules.junit4.internal.impl.PowerMockJUnit44RunnerDelegateImpl.run(PowerMockJUnit44RunnerDelegateImpl.java:118)
	at org.powermock.modules.junit4.common.internal.impl.JUnit4TestSuiteChunkerImpl.run(JUnit4TestSuiteChunkerImpl.java:101)
	at org.powermock.modules.junit4.common.internal.impl.AbstractCommonPowerMockRunner.run(AbstractCommonPowerMockRunner.java:53)
	at org.powermock.modules.junit4.PowerMockRunner.run(PowerMockRunner.java:53)
	at org.eclipse.jdt.internal.junit4.runner.JUnit4TestReference.run(JUnit4TestReference.java:50)
	at org.eclipse.jdt.internal.junit.runner.TestExecution.run(TestExecution.java:38)
	at org.eclipse.jdt.internal.junit.runner.RemoteTestRunner.runTests(RemoteTestRunner.java:467)
	at org.eclipse.jdt.internal.junit.runner.RemoteTestRunner.runTests(RemoteTestRunner.java:683)
	at org.eclipse.jdt.internal.junit.runner.RemoteTestRunner.run(RemoteTestRunner.java:390)
	at org.eclipse.jdt.internal.junit.runner.RemoteTestRunner.main(RemoteTestRunner.java:197)

</error>
    </testcase>
    <testcase name="saveToFileShouldReturnNullIfNullBitmap" classname="br.usp.ime.tcc.utils.FileSaverTest" time="0.007"/>
  </testsuite>
  <testsuite name="br.usp.ime.tcc.activities.test.FilteredImageActivityTest" time="26.039">
    <testcase name="extrasShouldNotBeNull" classname="br.usp.ime.tcc.activities.test.FilteredImageActivityTest" time="25.101"/>
    <testcase name="discardButtonShouldReturnToFilterActivity" classname="br.usp.ime.tcc.activities.test.FilteredImageActivityTest" time="0.938"/>
  </testsuite>
  <testsuite name="br.usp.ime.tcc.activities.components.test.ComponentsUtilsTest" time="5.17">
    <testcase name="buttonShouldThrowExceptionIfInvalidId" classname="br.usp.ime.tcc.activities.components.test.ComponentsUtilsTest" time="0.443"/>
    <testcase name="buttonShouldCallRightListener" classname="br.usp.ime.tcc.activities.components.test.ComponentsUtilsTest" time="0.647"/>
    <testcase name="imageViewShouldNotBeNull" classname="br.usp.ime.tcc.activities.components.test.ComponentsUtilsTest" time="0.388"/>
    <testcase name="shouldReturnNullBitmapFromDefaultImageView" classname="br.usp.ime.tcc.activities.components.test.ComponentsUtilsTest" time="0.589"/>
    <testcase name="shouldReturnRightBitmapFromFilledInImageView" classname="br.usp.ime.tcc.activities.components.test.ComponentsUtilsTest" time="0.73"/>
    <testcase name="seekbarShouldThrowExceptionIfInvalidId" classname="br.usp.ime.tcc.activities.components.test.ComponentsUtilsTest" time="0.818"/>
    <testcase name="seekbarShouldNotBeNull" classname="br.usp.ime.tcc.activities.components.test.ComponentsUtilsTest" time="0.425"/>
    <testcase name="seekbarMaximumShouldBeMaxIntensity" classname="br.usp.ime.tcc.activities.components.test.ComponentsUtilsTest" time="0.543"/>
    <testcase name="seekbarProgressShouldBeMaxProgress" classname="br.usp.ime.tcc.activities.components.test.ComponentsUtilsTest" time="0.587"/>
  </testsuite>
  <testsuite name="br.usp.ime.tcc.activities.test.FilterActivityTest" time="2.693">
    <testcase name="pressingCameraModeButtonShouldStartCameraActivity" classname="br.usp.ime.tcc.activities.test.FilterActivityTest" time="0.465"/>
    <testcase name="pressingGalleryModeButtonShouldStartGalleryActivity" classname="br.usp.ime.tcc.activities.test.FilterActivityTest" time="0.858"/>
    <testcase name="shouldCallFilteredImageActivityAfterGalleryResult" classname="br.usp.ime.tcc.activities.test.FilterActivityTest" time="0.686"/>
    <testcase name="shouldCallFilteredImageActivityAfterCameraResult" classname="br.usp.ime.tcc.activities.test.FilterActivityTest" time="0.684"/>
  </testsuite>
</testrun>
