<?xml version="1.0" encoding="UTF-8"?>
<testrun name="TCCTestConfiguration" project="TCCTest" tests="22" started="22" failures="0" errors="1" ignored="0">
  <testsuite name="br.usp.ime.tcc.activities.components.ComponentsUtilsTest" time="29.488">
    <testcase name="buttonShouldThrowExceptionIfInvalidId" classname="br.usp.ime.tcc.activities.components.ComponentsUtilsTest" time="26.705"/>
    <testcase name="buttonShouldCallRightListener" classname="br.usp.ime.tcc.activities.components.ComponentsUtilsTest" time="0.411"/>
    <testcase name="imageViewShouldNotBeNull" classname="br.usp.ime.tcc.activities.components.ComponentsUtilsTest" time="0.433"/>
    <testcase name="shouldReturnNullBitmapFromDefaultImageView" classname="br.usp.ime.tcc.activities.components.ComponentsUtilsTest" time="0.365"/>
    <testcase name="shouldReturnRightBitmapFromFilledInImageView" classname="br.usp.ime.tcc.activities.components.ComponentsUtilsTest" time="0.26"/>
    <testcase name="seekbarShouldThrowExceptionIfInvalidId" classname="br.usp.ime.tcc.activities.components.ComponentsUtilsTest" time="0.263"/>
    <testcase name="seekbarShouldNotBeNull" classname="br.usp.ime.tcc.activities.components.ComponentsUtilsTest" time="0.279"/>
    <testcase name="seekbarMaximumShouldBeMaxIntensity" classname="br.usp.ime.tcc.activities.components.ComponentsUtilsTest" time="0.267"/>
    <testcase name="seekbarProgressShouldBeMaxProgress" classname="br.usp.ime.tcc.activities.components.ComponentsUtilsTest" time="0.504"/>
  </testsuite>
  <testsuite name="br.usp.ime.tcc.utils.UtilsTest" time="0.895">
    <testcase name="selectedPicturePathShouldBeNullIfInvalidUri" classname="br.usp.ime.tcc.utils.UtilsTest" time="0.698"/>
    <testcase name="shouldReturnTheCorrectPath" classname="br.usp.ime.tcc.utils.UtilsTest" time="0.197"/>
  </testsuite>
  <testsuite name="br.usp.ime.tcc.utils.FileSaverTest" time="0.538">
    <testcase name="saveToFileShouldReturnNullIfNullBitmap" classname="br.usp.ime.tcc.utils.FileSaverTest" time="0.082"/>
    <testcase name="fileShouldNOtBeNullIfValidBitmap" classname="br.usp.ime.tcc.utils.FileSaverTest" time="0.456"/>
  </testsuite>
  <testsuite name="br.usp.ime.tcc.activities.FilteredImageActivityTest" time="1.759">
    <testcase name="backButtonShouldGoBackToFilterActivity" classname="br.usp.ime.tcc.activities.FilteredImageActivityTest" time="0.479"/>
    <testcase name="extrasShouldNotBeNull" classname="br.usp.ime.tcc.activities.FilteredImageActivityTest" time="0.412"/>
    <testcase name="discardButtonShouldReturnToFilterActivity" classname="br.usp.ime.tcc.activities.FilteredImageActivityTest" time="0.416"/>
    <testcase name="saveButtonShouldReturnErrorToast" classname="br.usp.ime.tcc.activities.FilteredImageActivityTest" time="0.452"/>
  </testsuite>
  <testsuite name="br.usp.ime.tcc.activities.FilterActivityTest" time="0.831">
    <testcase name="pressingCameraModeButtonShouldStartCameraActivity" classname="br.usp.ime.tcc.activities.FilterActivityTest" time="0.26"/>
    <testcase name="pressingGalleryModeButtonShouldStartGalleryActivity" classname="br.usp.ime.tcc.activities.FilterActivityTest" time="0.186"/>
    <testcase name="shouldCallFilteredImageActivityAfterGalleryResult" classname="br.usp.ime.tcc.activities.FilterActivityTest" time="0.194"/>
    <testcase name="shouldCallFilteredImageActivityAfterCameraResult" classname="br.usp.ime.tcc.activities.FilterActivityTest" time="0.191"/>
  </testsuite>
  <testsuite name="br.usp.ime.tcc.filter.FilterTest" time="0.007">
    <testcase name="filterShouldReturnNullIfBitmapIsNull" classname="br.usp.ime.tcc.filter.FilterTest" time="0.007">
      <error>java.lang.RuntimeException: Stub!
	at android.graphics.ColorFilter.&lt;init&gt;(ColorFilter.java:4)
	at android.graphics.ColorMatrixColorFilter.&lt;init&gt;(ColorMatrixColorFilter.java:6)
	at br.usp.ime.tcc.filter.Filter.&lt;init&gt;(Filter.java:23)
	at br.usp.ime.tcc.filter.FilterTest.filterShouldReturnNullIfBitmapIsNull(FilterTest.java:16)
	at sun.reflect.NativeMethodAccessorImpl.invoke0(Native Method)
	at sun.reflect.NativeMethodAccessorImpl.invoke(NativeMethodAccessorImpl.java:57)
	at sun.reflect.DelegatingMethodAccessorImpl.invoke(DelegatingMethodAccessorImpl.java:43)
	at java.lang.reflect.Method.invoke(Method.java:616)
	at org.junit.runners.model.FrameworkMethod$1.runReflectiveCall(FrameworkMethod.java:45)
	at org.junit.internal.runners.model.ReflectiveCallable.run(ReflectiveCallable.java:15)
	at org.junit.runners.model.FrameworkMethod.invokeExplosively(FrameworkMethod.java:42)
	at org.junit.internal.runners.statements.InvokeMethod.evaluate(InvokeMethod.java:20)
	at org.junit.internal.runners.statements.RunBefores.evaluate(RunBefores.java:28)
	at org.junit.runners.ParentRunner.runLeaf(ParentRunner.java:263)
	at org.junit.runners.BlockJUnit4ClassRunner.runChild(BlockJUnit4ClassRunner.java:68)
	at org.junit.runners.BlockJUnit4ClassRunner.runChild(BlockJUnit4ClassRunner.java:47)
	at org.junit.runners.ParentRunner$3.run(ParentRunner.java:231)
	at org.junit.runners.ParentRunner$1.schedule(ParentRunner.java:60)
	at org.junit.runners.ParentRunner.runChildren(ParentRunner.java:229)
	at org.junit.runners.ParentRunner.access$000(ParentRunner.java:50)
	at org.junit.runners.ParentRunner$2.evaluate(ParentRunner.java:222)
	at org.junit.runners.ParentRunner.run(ParentRunner.java:300)
	at org.eclipse.jdt.internal.junit4.runner.JUnit4TestReference.run(JUnit4TestReference.java:50)
	at org.eclipse.jdt.internal.junit.runner.TestExecution.run(TestExecution.java:38)
	at org.eclipse.jdt.internal.junit.runner.RemoteTestRunner.runTests(RemoteTestRunner.java:467)
	at org.eclipse.jdt.internal.junit.runner.RemoteTestRunner.runTests(RemoteTestRunner.java:683)
	at org.eclipse.jdt.internal.junit.runner.RemoteTestRunner.run(RemoteTestRunner.java:390)
	at org.eclipse.jdt.internal.junit.runner.RemoteTestRunner.main(RemoteTestRunner.java:197)

</error>
    </testcase>
  </testsuite>
</testrun>
