<?xml version="1.0" encoding="UTF-8"?>
<testrun name="TCCTestConfiguration" project="TCCTest" tests="19" started="19" failures="0" errors="3" ignored="0">
  <testsuite name="br.usp.ime.tcc.utils.UtilsTest" time="0.775">
    <testcase name="selectedPicturePathShouldBeNullIfInvalidUri" classname="br.usp.ime.tcc.utils.UtilsTest" time="0.558"/>
    <testcase name="shouldReturnTheCorrectPath" classname="br.usp.ime.tcc.utils.UtilsTest" time="0.216"/>
  </testsuite>
  <testsuite name="br.usp.ime.tcc.utils.FileSaverTest" time="0.091">
    <testcase name="saveToFileShouldReturnNullIfNullBitmap" classname="br.usp.ime.tcc.utils.FileSaverTest" time="0.091"/>
  </testsuite>
  <testsuite name="br.usp.ime.tcc.activities.test.FilteredImageActivityTest" time="16.762">
    <testcase name="extrasShouldNotBeNull" classname="br.usp.ime.tcc.activities.test.FilteredImageActivityTest" time="15.972">
      <error>java.lang.NullPointerException
	at br.usp.ime.tcc.activities.FilteredImageActivity.getExtras(FilteredImageActivity.java:45)
	at br.usp.ime.tcc.activities.FilteredImageActivity.onCreate(FilteredImageActivity.java:33)
	at br.usp.ime.tcc.activities.test.FilteredImageActivityTest$1FilteredImageActivityForTest.onCreate(FilteredImageActivityTest.java:30)
	at br.usp.ime.tcc.activities.test.FilteredImageActivityTest.startWithLoadedImage(FilteredImageActivityTest.java:39)
	at br.usp.ime.tcc.activities.test.FilteredImageActivityTest.setUp(FilteredImageActivityTest.java:47)
	at sun.reflect.NativeMethodAccessorImpl.invoke0(Native Method)
	at sun.reflect.NativeMethodAccessorImpl.invoke(NativeMethodAccessorImpl.java:57)
	at sun.reflect.DelegatingMethodAccessorImpl.invoke(DelegatingMethodAccessorImpl.java:43)
	at java.lang.reflect.Method.invoke(Method.java:616)
	at org.junit.runners.model.FrameworkMethod$1.runReflectiveCall(FrameworkMethod.java:45)
	at org.junit.internal.runners.model.ReflectiveCallable.run(ReflectiveCallable.java:15)
	at org.junit.runners.model.FrameworkMethod.invokeExplosively(FrameworkMethod.java:42)
	at org.junit.internal.runners.statements.RunBefores.evaluate(RunBefores.java:27)
	at org.robolectric.RobolectricTestRunner$2.evaluate(RobolectricTestRunner.java:241)
	at org.junit.runners.ParentRunner.runLeaf(ParentRunner.java:263)
	at org.junit.runners.BlockJUnit4ClassRunner.runChild(BlockJUnit4ClassRunner.java:68)
	at org.junit.runners.BlockJUnit4ClassRunner.runChild(BlockJUnit4ClassRunner.java:47)
	at org.junit.runners.ParentRunner$3.run(ParentRunner.java:231)
	at org.junit.runners.ParentRunner$1.schedule(ParentRunner.java:60)
	at org.junit.runners.ParentRunner.runChildren(ParentRunner.java:229)
	at org.junit.runners.ParentRunner.access$000(ParentRunner.java:50)
	at org.junit.runners.ParentRunner$2.evaluate(ParentRunner.java:222)
	at org.robolectric.RobolectricTestRunner$1.evaluate(RobolectricTestRunner.java:177)
	at org.junit.runners.ParentRunner.run(ParentRunner.java:300)
	at org.eclipse.jdt.internal.junit4.runner.JUnit4TestReference.run(JUnit4TestReference.java:50)
	at org.eclipse.jdt.internal.junit.runner.TestExecution.run(TestExecution.java:38)
	at org.eclipse.jdt.internal.junit.runner.RemoteTestRunner.runTests(RemoteTestRunner.java:467)
	at org.eclipse.jdt.internal.junit.runner.RemoteTestRunner.runTests(RemoteTestRunner.java:683)
	at org.eclipse.jdt.internal.junit.runner.RemoteTestRunner.run(RemoteTestRunner.java:390)
	at org.eclipse.jdt.internal.junit.runner.RemoteTestRunner.main(RemoteTestRunner.java:197)

</error>
    </testcase>
    <testcase name="discardButtonShouldReturnToFilterActivity" classname="br.usp.ime.tcc.activities.test.FilteredImageActivityTest" time="0.46">
      <error>java.lang.NullPointerException
	at br.usp.ime.tcc.activities.FilteredImageActivity.getExtras(FilteredImageActivity.java:45)
	at br.usp.ime.tcc.activities.FilteredImageActivity.onCreate(FilteredImageActivity.java:33)
	at br.usp.ime.tcc.activities.test.FilteredImageActivityTest$1FilteredImageActivityForTest.onCreate(FilteredImageActivityTest.java:30)
	at br.usp.ime.tcc.activities.test.FilteredImageActivityTest.startWithLoadedImage(FilteredImageActivityTest.java:39)
	at br.usp.ime.tcc.activities.test.FilteredImageActivityTest.setUp(FilteredImageActivityTest.java:47)
	at sun.reflect.NativeMethodAccessorImpl.invoke0(Native Method)
	at sun.reflect.NativeMethodAccessorImpl.invoke(NativeMethodAccessorImpl.java:57)
	at sun.reflect.DelegatingMethodAccessorImpl.invoke(DelegatingMethodAccessorImpl.java:43)
	at java.lang.reflect.Method.invoke(Method.java:616)
	at org.junit.runners.model.FrameworkMethod$1.runReflectiveCall(FrameworkMethod.java:45)
	at org.junit.internal.runners.model.ReflectiveCallable.run(ReflectiveCallable.java:15)
	at org.junit.runners.model.FrameworkMethod.invokeExplosively(FrameworkMethod.java:42)
	at org.junit.internal.runners.statements.RunBefores.evaluate(RunBefores.java:27)
	at org.robolectric.RobolectricTestRunner$2.evaluate(RobolectricTestRunner.java:241)
	at org.junit.runners.ParentRunner.runLeaf(ParentRunner.java:263)
	at org.junit.runners.BlockJUnit4ClassRunner.runChild(BlockJUnit4ClassRunner.java:68)
	at org.junit.runners.BlockJUnit4ClassRunner.runChild(BlockJUnit4ClassRunner.java:47)
	at org.junit.runners.ParentRunner$3.run(ParentRunner.java:231)
	at org.junit.runners.ParentRunner$1.schedule(ParentRunner.java:60)
	at org.junit.runners.ParentRunner.runChildren(ParentRunner.java:229)
	at org.junit.runners.ParentRunner.access$000(ParentRunner.java:50)
	at org.junit.runners.ParentRunner$2.evaluate(ParentRunner.java:222)
	at org.robolectric.RobolectricTestRunner$1.evaluate(RobolectricTestRunner.java:177)
	at org.junit.runners.ParentRunner.run(ParentRunner.java:300)
	at org.eclipse.jdt.internal.junit4.runner.JUnit4TestReference.run(JUnit4TestReference.java:50)
	at org.eclipse.jdt.internal.junit.runner.TestExecution.run(TestExecution.java:38)
	at org.eclipse.jdt.internal.junit.runner.RemoteTestRunner.runTests(RemoteTestRunner.java:467)
	at org.eclipse.jdt.internal.junit.runner.RemoteTestRunner.runTests(RemoteTestRunner.java:683)
	at org.eclipse.jdt.internal.junit.runner.RemoteTestRunner.run(RemoteTestRunner.java:390)
	at org.eclipse.jdt.internal.junit.runner.RemoteTestRunner.main(RemoteTestRunner.java:197)

</error>
    </testcase>
    <testcase name="saveButtonShouldReturnToFilterActivity" classname="br.usp.ime.tcc.activities.test.FilteredImageActivityTest" time="0.317">
      <error>java.lang.NullPointerException
	at br.usp.ime.tcc.activities.FilteredImageActivity.getExtras(FilteredImageActivity.java:45)
	at br.usp.ime.tcc.activities.FilteredImageActivity.onCreate(FilteredImageActivity.java:33)
	at br.usp.ime.tcc.activities.test.FilteredImageActivityTest$1FilteredImageActivityForTest.onCreate(FilteredImageActivityTest.java:30)
	at br.usp.ime.tcc.activities.test.FilteredImageActivityTest.startWithLoadedImage(FilteredImageActivityTest.java:39)
	at br.usp.ime.tcc.activities.test.FilteredImageActivityTest.setUp(FilteredImageActivityTest.java:47)
	at sun.reflect.NativeMethodAccessorImpl.invoke0(Native Method)
	at sun.reflect.NativeMethodAccessorImpl.invoke(NativeMethodAccessorImpl.java:57)
	at sun.reflect.DelegatingMethodAccessorImpl.invoke(DelegatingMethodAccessorImpl.java:43)
	at java.lang.reflect.Method.invoke(Method.java:616)
	at org.junit.runners.model.FrameworkMethod$1.runReflectiveCall(FrameworkMethod.java:45)
	at org.junit.internal.runners.model.ReflectiveCallable.run(ReflectiveCallable.java:15)
	at org.junit.runners.model.FrameworkMethod.invokeExplosively(FrameworkMethod.java:42)
	at org.junit.internal.runners.statements.RunBefores.evaluate(RunBefores.java:27)
	at org.robolectric.RobolectricTestRunner$2.evaluate(RobolectricTestRunner.java:241)
	at org.junit.runners.ParentRunner.runLeaf(ParentRunner.java:263)
	at org.junit.runners.BlockJUnit4ClassRunner.runChild(BlockJUnit4ClassRunner.java:68)
	at org.junit.runners.BlockJUnit4ClassRunner.runChild(BlockJUnit4ClassRunner.java:47)
	at org.junit.runners.ParentRunner$3.run(ParentRunner.java:231)
	at org.junit.runners.ParentRunner$1.schedule(ParentRunner.java:60)
	at org.junit.runners.ParentRunner.runChildren(ParentRunner.java:229)
	at org.junit.runners.ParentRunner.access$000(ParentRunner.java:50)
	at org.junit.runners.ParentRunner$2.evaluate(ParentRunner.java:222)
	at org.robolectric.RobolectricTestRunner$1.evaluate(RobolectricTestRunner.java:177)
	at org.junit.runners.ParentRunner.run(ParentRunner.java:300)
	at org.eclipse.jdt.internal.junit4.runner.JUnit4TestReference.run(JUnit4TestReference.java:50)
	at org.eclipse.jdt.internal.junit.runner.TestExecution.run(TestExecution.java:38)
	at org.eclipse.jdt.internal.junit.runner.RemoteTestRunner.runTests(RemoteTestRunner.java:467)
	at org.eclipse.jdt.internal.junit.runner.RemoteTestRunner.runTests(RemoteTestRunner.java:683)
	at org.eclipse.jdt.internal.junit.runner.RemoteTestRunner.run(RemoteTestRunner.java:390)
	at org.eclipse.jdt.internal.junit.runner.RemoteTestRunner.main(RemoteTestRunner.java:197)

</error>
    </testcase>
  </testsuite>
  <testsuite name="br.usp.ime.tcc.activities.components.test.ComponentsUtilsTest" time="2.873">
    <testcase name="buttonShouldThrowExceptionIfInvalidId" classname="br.usp.ime.tcc.activities.components.test.ComponentsUtilsTest" time="0.406"/>
    <testcase name="buttonShouldCallRightListener" classname="br.usp.ime.tcc.activities.components.test.ComponentsUtilsTest" time="0.314"/>
    <testcase name="imageViewShouldNotBeNull" classname="br.usp.ime.tcc.activities.components.test.ComponentsUtilsTest" time="0.459"/>
    <testcase name="shouldReturnNullBitmapFromDefaultImageView" classname="br.usp.ime.tcc.activities.components.test.ComponentsUtilsTest" time="0.257"/>
    <testcase name="shouldReturnRightBitmapFromFilledInImageView" classname="br.usp.ime.tcc.activities.components.test.ComponentsUtilsTest" time="0.412"/>
    <testcase name="seekbarShouldThrowExceptionIfInvalidId" classname="br.usp.ime.tcc.activities.components.test.ComponentsUtilsTest" time="0.277"/>
    <testcase name="seekbarShouldNotBeNull" classname="br.usp.ime.tcc.activities.components.test.ComponentsUtilsTest" time="0.263"/>
    <testcase name="seekbarMaximumShouldBeMaxIntensity" classname="br.usp.ime.tcc.activities.components.test.ComponentsUtilsTest" time="0.251"/>
    <testcase name="seekbarProgressShouldBeMaxProgress" classname="br.usp.ime.tcc.activities.components.test.ComponentsUtilsTest" time="0.234"/>
  </testsuite>
  <testsuite name="br.usp.ime.tcc.activities.test.FilterActivityTest" time="0.886">
    <testcase name="pressingCameraModeButtonShouldStartCameraActivity" classname="br.usp.ime.tcc.activities.test.FilterActivityTest" time="0.205"/>
    <testcase name="pressingGalleryModeButtonShouldStartGalleryActivity" classname="br.usp.ime.tcc.activities.test.FilterActivityTest" time="0.205"/>
    <testcase name="shouldCallFilteredImageActivityAfterGalleryResult" classname="br.usp.ime.tcc.activities.test.FilterActivityTest" time="0.234"/>
    <testcase name="shouldCallFilteredImageActivityAfterCameraResult" classname="br.usp.ime.tcc.activities.test.FilterActivityTest" time="0.242"/>
  </testsuite>
</testrun>
