<?xml version="1.0" encoding="UTF-8"?>
<testrun name="TCCTestConfiguration" project="TCCTest" tests="23" started="23" failures="0" errors="2" ignored="0">
  <testsuite name="br.usp.ime.tcc.activities.components.ComponentsUtilsTest" time="20.292">
    <testcase name="buttonShouldThrowExceptionIfInvalidId" classname="br.usp.ime.tcc.activities.components.ComponentsUtilsTest" time="17.033"/>
    <testcase name="buttonShouldCallRightListener" classname="br.usp.ime.tcc.activities.components.ComponentsUtilsTest" time="0.693"/>
    <testcase name="imageViewShouldNotBeNull" classname="br.usp.ime.tcc.activities.components.ComponentsUtilsTest" time="0.488"/>
    <testcase name="shouldReturnNullBitmapFromDefaultImageView" classname="br.usp.ime.tcc.activities.components.ComponentsUtilsTest" time="0.324"/>
    <testcase name="shouldReturnRightBitmapFromFilledInImageView" classname="br.usp.ime.tcc.activities.components.ComponentsUtilsTest" time="0.386"/>
    <testcase name="seekbarShouldThrowExceptionIfInvalidId" classname="br.usp.ime.tcc.activities.components.ComponentsUtilsTest" time="0.308"/>
    <testcase name="seekbarShouldNotBeNull" classname="br.usp.ime.tcc.activities.components.ComponentsUtilsTest" time="0.475"/>
    <testcase name="seekbarMaximumShouldBeMaxIntensity" classname="br.usp.ime.tcc.activities.components.ComponentsUtilsTest" time="0.277"/>
    <testcase name="seekbarProgressShouldBeMaxProgress" classname="br.usp.ime.tcc.activities.components.ComponentsUtilsTest" time="0.308"/>
  </testsuite>
  <testsuite name="br.usp.ime.tcc.utils.UtilsTest" time="0.592">
    <testcase name="selectedPicturePathShouldBeNullIfInvalidUri" classname="br.usp.ime.tcc.utils.UtilsTest" time="0.4"/>
    <testcase name="shouldReturnTheCorrectPath" classname="br.usp.ime.tcc.utils.UtilsTest" time="0.192"/>
  </testsuite>
  <testsuite name="br.usp.ime.tcc.utils.FileSaverTest" time="0.559">
    <testcase name="saveToFileShouldReturnNullIfNullBitmap" classname="br.usp.ime.tcc.utils.FileSaverTest" time="0.074"/>
    <testcase name="fileShouldNOtBeNullIfValidBitmap" classname="br.usp.ime.tcc.utils.FileSaverTest" time="0.485"/>
  </testsuite>
  <testsuite name="br.usp.ime.tcc.activities.FilteredImageActivityTest" time="2.424">
    <testcase name="backButtonShouldGoBackToFilterActivity" classname="br.usp.ime.tcc.activities.FilteredImageActivityTest" time="0.617"/>
    <testcase name="extrasShouldNotBeNull" classname="br.usp.ime.tcc.activities.FilteredImageActivityTest" time="0.616"/>
    <testcase name="discardButtonShouldReturnToFilterActivity" classname="br.usp.ime.tcc.activities.FilteredImageActivityTest" time="0.626"/>
    <testcase name="saveButtonShouldReturnErrorToast" classname="br.usp.ime.tcc.activities.FilteredImageActivityTest" time="0.565"/>
  </testsuite>
  <testsuite name="br.usp.ime.tcc.activities.FilterActivityTest" time="0.837">
    <testcase name="pressingCameraModeButtonShouldStartCameraActivity" classname="br.usp.ime.tcc.activities.FilterActivityTest" time="0.205"/>
    <testcase name="pressingGalleryModeButtonShouldStartGalleryActivity" classname="br.usp.ime.tcc.activities.FilterActivityTest" time="0.219"/>
    <testcase name="shouldCallFilteredImageActivityAfterGalleryResult" classname="br.usp.ime.tcc.activities.FilterActivityTest" time="0.226">
      <error>java.lang.RuntimeException: java.lang.reflect.InvocationTargetException
	at org.robolectric.shadows.ShadowActivity$ActivityInvoker.with(ShadowActivity.java:751)
	at org.robolectric.shadows.ShadowActivity.receiveResult(ShadowActivity.java:575)
	at br.usp.ime.tcc.activities.components.ButtonActionsTest.getShadowIntentAfterResult(ButtonActionsTest.java:43)
	at br.usp.ime.tcc.activities.components.ButtonActionsTest.createButtonClickAndGetIntentAfterResult(ButtonActionsTest.java:53)
	at br.usp.ime.tcc.activities.FilterActivityTest.shouldCallFilteredImageActivityAfterGalleryResult(FilterActivityTest.java:53)
	at sun.reflect.NativeMethodAccessorImpl.invoke0(Native Method)
	at sun.reflect.NativeMethodAccessorImpl.invoke(NativeMethodAccessorImpl.java:57)
	at sun.reflect.DelegatingMethodAccessorImpl.invoke(DelegatingMethodAccessorImpl.java:43)
	at java.lang.reflect.Method.invoke(Method.java:616)
	at org.junit.runners.model.FrameworkMethod$1.runReflectiveCall(FrameworkMethod.java:45)
	at org.junit.internal.runners.model.ReflectiveCallable.run(ReflectiveCallable.java:15)
	at org.junit.runners.model.FrameworkMethod.invokeExplosively(FrameworkMethod.java:42)
	at org.junit.internal.runners.statements.InvokeMethod.evaluate(InvokeMethod.java:20)
	at org.junit.internal.runners.statements.RunBefores.evaluate(RunBefores.java:28)
	at org.robolectric.RobolectricTestRunner$2.evaluate(RobolectricTestRunner.java:241)
	at org.junit.runners.ParentRunner.runLeaf(ParentRunner.java:263)
	at org.junit.runners.BlockJUnit4ClassRunner.runChild(BlockJUnit4ClassRunner.java:68)
	at org.junit.runners.BlockJUnit4ClassRunner.runChild(BlockJUnit4ClassRunner.java:47)
	at org.junit.runners.ParentRunner$3.run(ParentRunner.java:231)
	at org.junit.runners.ParentRunner$1.schedule(ParentRunner.java:60)
	at org.junit.runners.ParentRunner.runChildren(ParentRunner.java:229)
	at org.junit.runners.ParentRunner.access$000(ParentRunner.java:50)
	at org.junit.runners.ParentRunner$2.evaluate(ParentRunner.java:222)
	at org.robolectric.RobolectricTestRunner$1.evaluate(RobolectricTestRunner.java:177)
	at org.junit.runners.ParentRunner.run(ParentRunner.java:300)
	at org.eclipse.jdt.internal.junit4.runner.JUnit4TestReference.run(JUnit4TestReference.java:50)
	at org.eclipse.jdt.internal.junit.runner.TestExecution.run(TestExecution.java:38)
	at org.eclipse.jdt.internal.junit.runner.RemoteTestRunner.runTests(RemoteTestRunner.java:467)
	at org.eclipse.jdt.internal.junit.runner.RemoteTestRunner.runTests(RemoteTestRunner.java:683)
	at org.eclipse.jdt.internal.junit.runner.RemoteTestRunner.run(RemoteTestRunner.java:390)
	at org.eclipse.jdt.internal.junit.runner.RemoteTestRunner.main(RemoteTestRunner.java:197)
Caused by: java.lang.reflect.InvocationTargetException
	at sun.reflect.NativeMethodAccessorImpl.invoke0(Native Method)
	at sun.reflect.NativeMethodAccessorImpl.invoke(NativeMethodAccessorImpl.java:57)
	at sun.reflect.DelegatingMethodAccessorImpl.invoke(DelegatingMethodAccessorImpl.java:43)
	at java.lang.reflect.Method.invoke(Method.java:616)
	at org.robolectric.shadows.ShadowActivity$ActivityInvoker.with(ShadowActivity.java:745)
	... 30 more
Caused by: java.lang.NullPointerException
	at br.usp.ime.tcc.utils.Utils.getOrientation(Utils.java:104)
	at br.usp.ime.tcc.activities.FilterActivity.putPicturePathOnNextActivityExtras(FilterActivity.java:87)
	at br.usp.ime.tcc.activities.FilterActivity.onActivityResult(FilterActivity.java:78)
	... 35 more

</error>
    </testcase>
    <testcase name="shouldCallFilteredImageActivityAfterCameraResult" classname="br.usp.ime.tcc.activities.FilterActivityTest" time="0.186">
      <error>java.lang.RuntimeException: java.lang.reflect.InvocationTargetException
	at org.robolectric.shadows.ShadowActivity$ActivityInvoker.with(ShadowActivity.java:751)
	at org.robolectric.shadows.ShadowActivity.receiveResult(ShadowActivity.java:575)
	at br.usp.ime.tcc.activities.components.ButtonActionsTest.getShadowIntentAfterResult(ButtonActionsTest.java:43)
	at br.usp.ime.tcc.activities.components.ButtonActionsTest.createButtonClickAndGetIntentAfterResult(ButtonActionsTest.java:53)
	at br.usp.ime.tcc.activities.FilterActivityTest.shouldCallFilteredImageActivityAfterCameraResult(FilterActivityTest.java:60)
	at sun.reflect.NativeMethodAccessorImpl.invoke0(Native Method)
	at sun.reflect.NativeMethodAccessorImpl.invoke(NativeMethodAccessorImpl.java:57)
	at sun.reflect.DelegatingMethodAccessorImpl.invoke(DelegatingMethodAccessorImpl.java:43)
	at java.lang.reflect.Method.invoke(Method.java:616)
	at org.junit.runners.model.FrameworkMethod$1.runReflectiveCall(FrameworkMethod.java:45)
	at org.junit.internal.runners.model.ReflectiveCallable.run(ReflectiveCallable.java:15)
	at org.junit.runners.model.FrameworkMethod.invokeExplosively(FrameworkMethod.java:42)
	at org.junit.internal.runners.statements.InvokeMethod.evaluate(InvokeMethod.java:20)
	at org.junit.internal.runners.statements.RunBefores.evaluate(RunBefores.java:28)
	at org.robolectric.RobolectricTestRunner$2.evaluate(RobolectricTestRunner.java:241)
	at org.junit.runners.ParentRunner.runLeaf(ParentRunner.java:263)
	at org.junit.runners.BlockJUnit4ClassRunner.runChild(BlockJUnit4ClassRunner.java:68)
	at org.junit.runners.BlockJUnit4ClassRunner.runChild(BlockJUnit4ClassRunner.java:47)
	at org.junit.runners.ParentRunner$3.run(ParentRunner.java:231)
	at org.junit.runners.ParentRunner$1.schedule(ParentRunner.java:60)
	at org.junit.runners.ParentRunner.runChildren(ParentRunner.java:229)
	at org.junit.runners.ParentRunner.access$000(ParentRunner.java:50)
	at org.junit.runners.ParentRunner$2.evaluate(ParentRunner.java:222)
	at org.robolectric.RobolectricTestRunner$1.evaluate(RobolectricTestRunner.java:177)
	at org.junit.runners.ParentRunner.run(ParentRunner.java:300)
	at org.eclipse.jdt.internal.junit4.runner.JUnit4TestReference.run(JUnit4TestReference.java:50)
	at org.eclipse.jdt.internal.junit.runner.TestExecution.run(TestExecution.java:38)
	at org.eclipse.jdt.internal.junit.runner.RemoteTestRunner.runTests(RemoteTestRunner.java:467)
	at org.eclipse.jdt.internal.junit.runner.RemoteTestRunner.runTests(RemoteTestRunner.java:683)
	at org.eclipse.jdt.internal.junit.runner.RemoteTestRunner.run(RemoteTestRunner.java:390)
	at org.eclipse.jdt.internal.junit.runner.RemoteTestRunner.main(RemoteTestRunner.java:197)
Caused by: java.lang.reflect.InvocationTargetException
	at sun.reflect.NativeMethodAccessorImpl.invoke0(Native Method)
	at sun.reflect.NativeMethodAccessorImpl.invoke(NativeMethodAccessorImpl.java:57)
	at sun.reflect.DelegatingMethodAccessorImpl.invoke(DelegatingMethodAccessorImpl.java:43)
	at java.lang.reflect.Method.invoke(Method.java:616)
	at org.robolectric.shadows.ShadowActivity$ActivityInvoker.with(ShadowActivity.java:745)
	... 30 more
Caused by: java.lang.NullPointerException
	at br.usp.ime.tcc.utils.Utils.getOrientation(Utils.java:104)
	at br.usp.ime.tcc.activities.FilterActivity.putPicturePathOnNextActivityExtras(FilterActivity.java:87)
	at br.usp.ime.tcc.activities.FilterActivity.onActivityResult(FilterActivity.java:78)
	... 35 more

</error>
    </testcase>
  </testsuite>
  <testsuite name="br.usp.ime.tcc.filter.FilterTest" time="0.012">
    <testcase name="aFilterShouldReturnNullIfBitmapIsNull" classname="br.usp.ime.tcc.filter.FilterTest" time="0.006"/>
    <testcase name="anyFilterShouldReturnNullIfBitmapIsNull" classname="br.usp.ime.tcc.filter.FilterTest" time="0.006"/>
  </testsuite>
</testrun>
