<?xml version="1.0" encoding="UTF-8"?>
<testrun name="TCCTestConfiguration" project="TCCTest" tests="20" started="20" failures="0" errors="1" ignored="0">
  <testsuite name="br.usp.ime.tcc.utils.UtilsTest" time="0.971">
    <testcase name="selectedPicturePathShouldBeNullIfInvalidUri" classname="br.usp.ime.tcc.utils.UtilsTest" time="0.677"/>
    <testcase name="shouldReturnTheCorrectPath" classname="br.usp.ime.tcc.utils.UtilsTest" time="0.294"/>
  </testsuite>
  <testsuite name="br.usp.ime.tcc.utils.FileSaverTest" time="0.686">
    <testcase name="saveToFileShouldReturnNullIfNullBitmap" classname="br.usp.ime.tcc.utils.FileSaverTest" time="0.187"/>
    <testcase name="should" classname="br.usp.ime.tcc.utils.FileSaverTest" time="0.499">
      <error>java.io.FileNotFoundException: /DCIM/Camera/20130723_184825.jpg (No such file or directory)
	at java.io.FileOutputStream.open(Native Method)
	at java.io.FileOutputStream.&lt;init&gt;(FileOutputStream.java:209)
	at java.io.FileOutputStream.&lt;init&gt;(FileOutputStream.java:160)
	at br.usp.ime.tcc.utils.FileSaver.createNewOutPutStream(FileSaver.java:27)
	at br.usp.ime.tcc.utils.FileSaver.compressAndSaveToFile(FileSaver.java:19)
	at br.usp.ime.tcc.utils.FileSaver.saveToFile(FileSaver.java:45)
	at br.usp.ime.tcc.utils.FileSaverTest.should(FileSaverTest.java:56)
	at sun.reflect.NativeMethodAccessorImpl.invoke0(Native Method)
	at sun.reflect.NativeMethodAccessorImpl.invoke(NativeMethodAccessorImpl.java:57)
	at sun.reflect.DelegatingMethodAccessorImpl.invoke(DelegatingMethodAccessorImpl.java:43)
	at java.lang.reflect.Method.invoke(Method.java:616)
	at org.junit.internal.runners.TestMethod.invoke(TestMethod.java:66)
	at org.powermock.modules.junit4.internal.impl.PowerMockJUnit44RunnerDelegateImpl$PowerMockJUnit44MethodRunner.runTestMethod(PowerMockJUnit44RunnerDelegateImpl.java:310)
	at org.junit.internal.runners.MethodRoadie$2.run(MethodRoadie.java:86)
	at org.junit.internal.runners.MethodRoadie.runBeforesThenTestThenAfters(MethodRoadie.java:94)
	at org.powermock.modules.junit4.internal.impl.PowerMockJUnit44RunnerDelegateImpl$PowerMockJUnit44MethodRunner.executeTest(PowerMockJUnit44RunnerDelegateImpl.java:294)
	at org.powermock.modules.junit4.internal.impl.PowerMockJUnit47RunnerDelegateImpl$PowerMockJUnit47MethodRunner.executeTestInSuper(PowerMockJUnit47RunnerDelegateImpl.java:127)
	at org.powermock.modules.junit4.internal.impl.PowerMockJUnit47RunnerDelegateImpl$PowerMockJUnit47MethodRunner.executeTest(PowerMockJUnit47RunnerDelegateImpl.java:82)
	at org.powermock.modules.junit4.internal.impl.PowerMockJUnit44RunnerDelegateImpl$PowerMockJUnit44MethodRunner.runBeforesThenTestThenAfters(PowerMockJUnit44RunnerDelegateImpl.java:282)
	at org.junit.internal.runners.MethodRoadie.runTest(MethodRoadie.java:84)
	at org.junit.internal.runners.MethodRoadie.run(MethodRoadie.java:49)
	at org.powermock.modules.junit4.internal.impl.PowerMockJUnit44RunnerDelegateImpl.invokeTestMethod(PowerMockJUnit44RunnerDelegateImpl.java:207)
	at org.powermock.modules.junit4.internal.impl.PowerMockJUnit44RunnerDelegateImpl.runMethods(PowerMockJUnit44RunnerDelegateImpl.java:146)
	at org.powermock.modules.junit4.internal.impl.PowerMockJUnit44RunnerDelegateImpl$1.run(PowerMockJUnit44RunnerDelegateImpl.java:120)
	at org.junit.internal.runners.ClassRoadie.runUnprotected(ClassRoadie.java:34)
	at org.junit.internal.runners.ClassRoadie.runProtected(ClassRoadie.java:44)
	at org.powermock.modules.junit4.internal.impl.PowerMockJUnit44RunnerDelegateImpl.run(PowerMockJUnit44RunnerDelegateImpl.java:118)
	at org.powermock.modules.junit4.common.internal.impl.JUnit4TestSuiteChunkerImpl.run(JUnit4TestSuiteChunkerImpl.java:101)
	at org.powermock.modules.junit4.common.internal.impl.AbstractCommonPowerMockRunner.run(AbstractCommonPowerMockRunner.java:53)
	at org.powermock.modules.junit4.PowerMockRunner.run(PowerMockRunner.java:53)
	at org.eclipse.jdt.internal.junit4.runner.JUnit4TestReference.run(JUnit4TestReference.java:50)
	at org.eclipse.jdt.internal.junit.runner.TestExecution.run(TestExecution.java:38)
	at org.eclipse.jdt.internal.junit.runner.RemoteTestRunner.runTests(RemoteTestRunner.java:467)
	at org.eclipse.jdt.internal.junit.runner.RemoteTestRunner.runTests(RemoteTestRunner.java:683)
	at org.eclipse.jdt.internal.junit.runner.RemoteTestRunner.run(RemoteTestRunner.java:390)
	at org.eclipse.jdt.internal.junit.runner.RemoteTestRunner.main(RemoteTestRunner.java:197)

</error>
    </testcase>
  </testsuite>
  <testsuite name="br.usp.ime.tcc.activities.test.FilteredImageActivityTest" time="19.368">
    <testcase name="extrasShouldNotBeNull" classname="br.usp.ime.tcc.activities.test.FilteredImageActivityTest" time="18.283"/>
    <testcase name="discardButtonShouldReturnToFilterActivity" classname="br.usp.ime.tcc.activities.test.FilteredImageActivityTest" time="0.556"/>
    <testcase name="saveButtonShouldReturnErrorToast" classname="br.usp.ime.tcc.activities.test.FilteredImageActivityTest" time="0.529"/>
  </testsuite>
  <testsuite name="br.usp.ime.tcc.activities.components.test.ComponentsUtilsTest" time="2.44">
    <testcase name="buttonShouldThrowExceptionIfInvalidId" classname="br.usp.ime.tcc.activities.components.test.ComponentsUtilsTest" time="0.42"/>
    <testcase name="buttonShouldCallRightListener" classname="br.usp.ime.tcc.activities.components.test.ComponentsUtilsTest" time="0.293"/>
    <testcase name="imageViewShouldNotBeNull" classname="br.usp.ime.tcc.activities.components.test.ComponentsUtilsTest" time="0.289"/>
    <testcase name="shouldReturnNullBitmapFromDefaultImageView" classname="br.usp.ime.tcc.activities.components.test.ComponentsUtilsTest" time="0.266"/>
    <testcase name="shouldReturnRightBitmapFromFilledInImageView" classname="br.usp.ime.tcc.activities.components.test.ComponentsUtilsTest" time="0.245"/>
    <testcase name="seekbarShouldThrowExceptionIfInvalidId" classname="br.usp.ime.tcc.activities.components.test.ComponentsUtilsTest" time="0.228"/>
    <testcase name="seekbarShouldNotBeNull" classname="br.usp.ime.tcc.activities.components.test.ComponentsUtilsTest" time="0.235"/>
    <testcase name="seekbarMaximumShouldBeMaxIntensity" classname="br.usp.ime.tcc.activities.components.test.ComponentsUtilsTest" time="0.221"/>
    <testcase name="seekbarProgressShouldBeMaxProgress" classname="br.usp.ime.tcc.activities.components.test.ComponentsUtilsTest" time="0.243"/>
  </testsuite>
  <testsuite name="br.usp.ime.tcc.activities.test.FilterActivityTest" time="0.899">
    <testcase name="pressingCameraModeButtonShouldStartCameraActivity" classname="br.usp.ime.tcc.activities.test.FilterActivityTest" time="0.276"/>
    <testcase name="pressingGalleryModeButtonShouldStartGalleryActivity" classname="br.usp.ime.tcc.activities.test.FilterActivityTest" time="0.22"/>
    <testcase name="shouldCallFilteredImageActivityAfterGalleryResult" classname="br.usp.ime.tcc.activities.test.FilterActivityTest" time="0.192"/>
    <testcase name="shouldCallFilteredImageActivityAfterCameraResult" classname="br.usp.ime.tcc.activities.test.FilterActivityTest" time="0.211"/>
  </testsuite>
</testrun>
