<?xml version="1.0" encoding="UTF-8"?>
<testrun name="TCCTestConfiguration" project="TCCTest" tests="19" started="19" failures="0" errors="1" ignored="0">
  <testsuite name="br.usp.ime.tcc.utils.UtilsTest" time="1.254">
    <testcase name="selectedPicturePathShouldBeNullIfInvalidUri" classname="br.usp.ime.tcc.utils.UtilsTest" time="0.929"/>
    <testcase name="shouldReturnTheCorrectPath" classname="br.usp.ime.tcc.utils.UtilsTest" time="0.325"/>
  </testsuite>
  <testsuite name="br.usp.ime.tcc.utils.FileSaverTest" time="0.781">
    <testcase name="fileToBeSavedShouldNotReturnNull" classname="br.usp.ime.tcc.utils.FileSaverTest" time="0.768">
      <error>java.io.FileNotFoundException: /DCIM/Camera/20130723_170851.jpg (No such file or directory)
	at java.io.FileOutputStream.open(Native Method)
	at java.io.FileOutputStream.&lt;init&gt;(FileOutputStream.java:209)
	at java.io.FileOutputStream.&lt;init&gt;(FileOutputStream.java:160)
	at br.usp.ime.tcc.utils.FileSaver.saveToFile(FileSaver.java:31)
	at br.usp.ime.tcc.utils.FileSaverTest.fileToBeSavedShouldNotReturnNull(FileSaverTest.java:45)
	at sun.reflect.NativeMethodAccessorImpl.invoke0(Native Method)
	at sun.reflect.NativeMethodAccessorImpl.invoke(NativeMethodAccessorImpl.java:57)
	at sun.reflect.DelegatingMethodAccessorImpl.invoke(DelegatingMethodAccessorImpl.java:43)
	at java.lang.reflect.Method.invoke(Method.java:616)
	at org.junit.internal.runners.TestMethod.invoke(TestMethod.java:66)
	at org.powermock.modules.junit4.internal.impl.PowerMockJUnit44RunnerDelegateImpl$PowerMockJUnit44MethodRunner.runTestMethod(PowerMockJUnit44RunnerDelegateImpl.java:310)
	at org.junit.internal.runners.MethodRoadie$2.run(MethodRoadie.java:86)
	at org.junit.internal.runners.MethodRoadie.runBeforesThenTestThenAfters(MethodRoadie.java:94)
	at org.powermock.modules.junit4.internal.impl.PowerMockJUnit44RunnerDelegateImpl$PowerMockJUnit44MethodRunner.executeTest(PowerMockJUnit44RunnerDelegateImpl.java:294)
	at org.powermock.modules.junit4.internal.impl.PowerMockJUnit47RunnerDelegateImpl$PowerMockJUnit47MethodRunner.executeTestInSuper(PowerMockJUnit47RunnerDelegateImpl.java:127)
	at org.powermock.modules.junit4.internal.impl.PowerMockJUnit47RunnerDelegateImpl$PowerMockJUnit47MethodRunner.executeTest(PowerMockJUnit47RunnerDelegateImpl.java:82)
	at org.powermock.modules.junit4.internal.impl.PowerMockJUnit44RunnerDelegateImpl$PowerMockJUnit44MethodRunner.runBeforesThenTestThenAfters(PowerMockJUnit44RunnerDelegateImpl.java:282)
	at org.junit.internal.runners.MethodRoadie.runTest(MethodRoadie.java:84)
	at org.junit.internal.runners.MethodRoadie.run(MethodRoadie.java:49)
	at org.powermock.modules.junit4.internal.impl.PowerMockJUnit44RunnerDelegateImpl.invokeTestMethod(PowerMockJUnit44RunnerDelegateImpl.java:207)
	at org.powermock.modules.junit4.internal.impl.PowerMockJUnit44RunnerDelegateImpl.runMethods(PowerMockJUnit44RunnerDelegateImpl.java:146)
	at org.powermock.modules.junit4.internal.impl.PowerMockJUnit44RunnerDelegateImpl$1.run(PowerMockJUnit44RunnerDelegateImpl.java:120)
	at org.junit.internal.runners.ClassRoadie.runUnprotected(ClassRoadie.java:34)
	at org.junit.internal.runners.ClassRoadie.runProtected(ClassRoadie.java:44)
	at org.powermock.modules.junit4.internal.impl.PowerMockJUnit44RunnerDelegateImpl.run(PowerMockJUnit44RunnerDelegateImpl.java:118)
	at org.powermock.modules.junit4.common.internal.impl.JUnit4TestSuiteChunkerImpl.run(JUnit4TestSuiteChunkerImpl.java:101)
	at org.powermock.modules.junit4.common.internal.impl.AbstractCommonPowerMockRunner.run(AbstractCommonPowerMockRunner.java:53)
	at org.powermock.modules.junit4.PowerMockRunner.run(PowerMockRunner.java:53)
	at org.eclipse.jdt.internal.junit4.runner.JUnit4TestReference.run(JUnit4TestReference.java:50)
	at org.eclipse.jdt.internal.junit.runner.TestExecution.run(TestExecution.java:38)
	at org.eclipse.jdt.internal.junit.runner.RemoteTestRunner.runTests(RemoteTestRunner.java:467)
	at org.eclipse.jdt.internal.junit.runner.RemoteTestRunner.runTests(RemoteTestRunner.java:683)
	at org.eclipse.jdt.internal.junit.runner.RemoteTestRunner.run(RemoteTestRunner.java:390)
	at org.eclipse.jdt.internal.junit.runner.RemoteTestRunner.main(RemoteTestRunner.java:197)

</error>
    </testcase>
    <testcase name="saveToFileShouldReturnNullIfNullBitmap" classname="br.usp.ime.tcc.utils.FileSaverTest" time="0.008"/>
  </testsuite>
  <testsuite name="br.usp.ime.tcc.activities.test.FilteredImageActivityTest" time="21.518">
    <testcase name="extrasShouldNotBeNull" classname="br.usp.ime.tcc.activities.test.FilteredImageActivityTest" time="20.777"/>
    <testcase name="discardButtonShouldReturnToFilterActivity" classname="br.usp.ime.tcc.activities.test.FilteredImageActivityTest" time="0.741"/>
  </testsuite>
  <testsuite name="br.usp.ime.tcc.activities.components.test.ComponentsUtilsTest" time="2.509">
    <testcase name="buttonShouldThrowExceptionIfInvalidId" classname="br.usp.ime.tcc.activities.components.test.ComponentsUtilsTest" time="0.252"/>
    <testcase name="buttonShouldCallRightListener" classname="br.usp.ime.tcc.activities.components.test.ComponentsUtilsTest" time="0.349"/>
    <testcase name="imageViewShouldNotBeNull" classname="br.usp.ime.tcc.activities.components.test.ComponentsUtilsTest" time="0.333"/>
    <testcase name="shouldReturnNullBitmapFromDefaultImageView" classname="br.usp.ime.tcc.activities.components.test.ComponentsUtilsTest" time="0.347"/>
    <testcase name="shouldReturnRightBitmapFromFilledInImageView" classname="br.usp.ime.tcc.activities.components.test.ComponentsUtilsTest" time="0.269"/>
    <testcase name="seekbarShouldThrowExceptionIfInvalidId" classname="br.usp.ime.tcc.activities.components.test.ComponentsUtilsTest" time="0.256"/>
    <testcase name="seekbarShouldNotBeNull" classname="br.usp.ime.tcc.activities.components.test.ComponentsUtilsTest" time="0.241"/>
    <testcase name="seekbarMaximumShouldBeMaxIntensity" classname="br.usp.ime.tcc.activities.components.test.ComponentsUtilsTest" time="0.236"/>
    <testcase name="seekbarProgressShouldBeMaxProgress" classname="br.usp.ime.tcc.activities.components.test.ComponentsUtilsTest" time="0.225"/>
  </testsuite>
  <testsuite name="br.usp.ime.tcc.activities.test.FilterActivityTest" time="0.887">
    <testcase name="pressingCameraModeButtonShouldStartCameraActivity" classname="br.usp.ime.tcc.activities.test.FilterActivityTest" time="0.207"/>
    <testcase name="pressingGalleryModeButtonShouldStartGalleryActivity" classname="br.usp.ime.tcc.activities.test.FilterActivityTest" time="0.212"/>
    <testcase name="shouldCallFilteredImageActivityAfterGalleryResult" classname="br.usp.ime.tcc.activities.test.FilterActivityTest" time="0.214"/>
    <testcase name="shouldCallFilteredImageActivityAfterCameraResult" classname="br.usp.ime.tcc.activities.test.FilterActivityTest" time="0.254"/>
  </testsuite>
</testrun>
